This is pdfTeX, Version 3.141592653-2.6-1.40.28 (TeX Live 2025) (preloaded format=pdflatex 2025.7.19)  21 JUL 2025 15:23
entering extended mode
 restricted \write18 enabled.
 %&-line parsing enabled.
**crowMorphology.tex
(./crowMorphology.tex
LaTeX2e <2025-06-01> patch level 1
L3 programming layer <2025-07-11>
(c:/Users/benja/AppData/Roaming/TinyTeX/texmf-dist/tex/latex/base/article.cls
Document Class: article 2025/01/22 v1.4n Standard LaTeX document class
(c:/Users/benja/AppData/Roaming/TinyTeX/texmf-dist/tex/latex/base/size10.clo
File: size10.clo 2025/01/22 v1.4n Standard LaTeX file (size option)
)
\c@part=\count275
\c@section=\count276
\c@subsection=\count277
\c@subsubsection=\count278
\c@paragraph=\count279
\c@subparagraph=\count280
\c@figure=\count281
\c@table=\count282
\abovecaptionskip=\skip49
\belowcaptionskip=\skip50
\bibindent=\dimen148
) (./f1000_styles.sty
Package: f1000_styles 
(c:/Users/benja/AppData/Roaming/TinyTeX/texmf-dist/tex/latex/preprint/authblk.sty
Package: authblk 2001/02/27 1.3 (PWD)
\affilsep=\skip51
\@affilsep=\skip52
\c@Maxaffil=\count283
\c@authors=\count284
\c@affil=\count285
) (c:/Users/benja/AppData/Roaming/TinyTeX/texmf-dist/tex/latex/base/inputenc.sty
Package: inputenc 2024/02/08 v1.3d Input encoding file
\inpenc@prehook=\toks17
\inpenc@posthook=\toks18
) (c:/Users/benja/AppData/Roaming/TinyTeX/texmf-dist/tex/latex/base/fontenc.sty
Package: fontenc 2024/12/21 v2.1c Standard LaTeX package
) (c:/Users/benja/AppData/Roaming/TinyTeX/texmf-dist/tex/latex/xcharter/XCharter.sty
Package: XCharter 2023/07/21 v1.25
`XCharter' v1.25, 2023/07/21 Text macros for XCharter, an extension of Charter (msharpe) (c:/Users/benja/AppData/Roaming/TinyTeX/texmf-dist/tex/generic/iftex/iftex.sty
Package: iftex 2024/12/12 v1.0g TeX engine tests
) (c:/Users/benja/AppData/Roaming/TinyTeX/texmf-dist/tex/latex/xkeyval/xkeyval.sty
Package: xkeyval 2022/06/16 v2.9 package option processing (HA)
(c:/Users/benja/AppData/Roaming/TinyTeX/texmf-dist/tex/generic/xkeyval/xkeyval.tex (c:/Users/benja/AppData/Roaming/TinyTeX/texmf-dist/tex/generic/xkeyval/xkvutils.tex
\XKV@toks=\toks19
\XKV@tempa@toks=\toks20
(c:/Users/benja/AppData/Roaming/TinyTeX/texmf-dist/tex/generic/xkeyval/keyval.tex))
\XKV@depth=\count286
File: xkeyval.tex 2014/12/03 v2.7a key=value parser (HA)
)) (c:/Users/benja/AppData/Roaming/TinyTeX/texmf-dist/tex/latex/etoolbox/etoolbox.sty
Package: etoolbox 2025/02/11 v2.5l e-TeX tools for LaTeX (JAW)
\etb@tempcnta=\count287
) (c:/Users/benja/AppData/Roaming/TinyTeX/texmf-dist/tex/latex/base/textcomp.sty
Package: textcomp 2024/04/24 v2.1b Standard LaTeX package
) (c:/Users/benja/AppData/Roaming/TinyTeX/texmf-dist/tex/generic/xstring/xstring.sty (c:/Users/benja/AppData/Roaming/TinyTeX/texmf-dist/tex/generic/xstring/xstring.tex
\xs_counta=\count288
\xs_countb=\count289
)
Package: xstring 2023/08/22 v1.86 String manipulations (CT)
) (c:/Users/benja/AppData/Roaming/TinyTeX/texmf-dist/tex/latex/base/ifthen.sty
Package: ifthen 2024/03/16 v1.1e Standard LaTeX ifthen package (DPC)
) (c:/Users/benja/AppData/Roaming/TinyTeX/texmf-dist/tex/latex/carlisle/scalefnt.sty) (c:/Users/benja/AppData/Roaming/TinyTeX/texmf-dist/tex/latex/base/fontenc.sty
Package: fontenc 2024/12/21 v2.1c Standard LaTeX package
)
LaTeX Font Info:    Setting XCharter-LF sub-encoding to TS1/0 on input line 37.
LaTeX Font Info:    Changing XCharter-TLF sub-encoding to TS1/0 on input line 37.
LaTeX Font Info:    Setting XCharter-OsF sub-encoding to TS1/0 on input line 37.
LaTeX Font Info:    Changing XCharter-TOsF sub-encoding to TS1/0 on input line 37.
\xch@cnt=\count290
(c:/Users/benja/AppData/Roaming/TinyTeX/texmf-dist/tex/latex/fontaxes/fontaxes.sty
Package: fontaxes 2025-05-24 v2.0.1 Font selection axes (deprecated)
(c:/Users/benja/AppData/Roaming/TinyTeX/texmf-dist/tex/latex/fontaxes/fontaxes-v1.sty
Package: fontaxes 2020/07/21 v1.0e Font selection axes
LaTeX Info: Redefining \upshape on input line 29.
LaTeX Info: Redefining \itshape on input line 31.
LaTeX Info: Redefining \slshape on input line 33.
LaTeX Info: Redefining \swshape on input line 35.
LaTeX Info: Redefining \scshape on input line 37.
LaTeX Info: Redefining \sscshape on input line 39.
LaTeX Info: Redefining \ulcshape on input line 41.
LaTeX Info: Redefining \textsw on input line 47.
LaTeX Info: Redefining \textssc on input line 48.
LaTeX Info: Redefining \textulc on input line 49.
))
LaTeX Info: Redefining \textsu on input line 737.
LaTeX Info: Redefining \textde on input line 740.
LaTeX Info: Redefining \textinf on input line 742.
) (c:/Users/benja/AppData/Roaming/TinyTeX/texmf-dist/tex/latex/colortbl/colortbl.sty
Package: colortbl 2024/10/29 v1.0k Color table columns (DPC)
(c:/Users/benja/AppData/Roaming/TinyTeX/texmf-dist/tex/latex/tools/array.sty
Package: array 2025/06/08 v2.6j Tabular extension package (FMi)
\col@sep=\dimen149
\ar@mcellbox=\box53
\extrarowheight=\dimen150
\NC@list=\toks21
\extratabsurround=\skip53
\backup@length=\skip54
\ar@cellbox=\box54
) (c:/Users/benja/AppData/Roaming/TinyTeX/texmf-dist/tex/latex/graphics/color.sty
Package: color 2025/01/14 v1.3e Standard LaTeX Color (DPC)
(c:/Users/benja/AppData/Roaming/TinyTeX/texmf-dist/tex/latex/graphics-cfg/color.cfg
File: color.cfg 2016/01/02 v1.6 sample color configuration
)
Package color Info: Driver file: pdftex.def on input line 149.
(c:/Users/benja/AppData/Roaming/TinyTeX/texmf-dist/tex/latex/graphics-def/pdftex.def
File: pdftex.def 2024/04/13 v1.2c Graphics/color driver for pdftex
) (c:/Users/benja/AppData/Roaming/TinyTeX/texmf-dist/tex/latex/graphics/mathcolor.ltx))
\everycr=\toks22
\minrowclearance=\skip55
\rownum=\count291
) (c:/Users/benja/AppData/Roaming/TinyTeX/texmf-dist/tex/latex/xcolor/xcolor.sty
Package: xcolor 2024/09/29 v3.02 LaTeX color extensions (UK)
(c:/Users/benja/AppData/Roaming/TinyTeX/texmf-dist/tex/latex/graphics-cfg/color.cfg
File: color.cfg 2016/01/02 v1.6 sample color configuration
)

Package xcolor Warning: Package option `usenames' is obsolete and ignored on input line 265.

Package xcolor Info: Driver file: pdftex.def on input line 274.
LaTeX Info: Redefining \color on input line 762.
(c:/Users/benja/AppData/Roaming/TinyTeX/texmf-dist/tex/latex/graphics/mathcolor.ltx)
Package xcolor Info: Model `cmy' substituted by `cmy0' on input line 1349.
Package xcolor Info: Model `hsb' substituted by `rgb' on input line 1353.
Package xcolor Info: Model `RGB' extended on input line 1365.
Package xcolor Info: Model `HTML' substituted by `rgb' on input line 1367.
Package xcolor Info: Model `Hsb' substituted by `hsb' on input line 1368.
Package xcolor Info: Model `tHsb' substituted by `hsb' on input line 1369.
Package xcolor Info: Model `HSB' substituted by `hsb' on input line 1370.
Package xcolor Info: Model `Gray' substituted by `gray' on input line 1371.
Package xcolor Info: Model `wave' substituted by `hsb' on input line 1372.
) (c:/Users/benja/AppData/Roaming/TinyTeX/texmf-dist/tex/latex/graphics/dvipsnam.def
File: dvipsnam.def 2016/06/17 v3.0m Driver-dependent file (DPC,SPQR)
) (c:/Users/benja/AppData/Roaming/TinyTeX/texmf-dist/tex/latex/amsmath/amsmath.sty
Package: amsmath 2025/06/16 v2.17y AMS math features
\@mathmargin=\skip56
For additional information on amsmath, use the `?' option.
(c:/Users/benja/AppData/Roaming/TinyTeX/texmf-dist/tex/latex/amsmath/amstext.sty
Package: amstext 2024/11/17 v2.01 AMS text
(c:/Users/benja/AppData/Roaming/TinyTeX/texmf-dist/tex/latex/amsmath/amsgen.sty
File: amsgen.sty 1999/11/30 v2.0 generic functions
\@emptytoks=\toks23
\ex@=\dimen151
)) (c:/Users/benja/AppData/Roaming/TinyTeX/texmf-dist/tex/latex/amsmath/amsbsy.sty
Package: amsbsy 1999/11/29 v1.2d Bold Symbols
\pmbraise@=\dimen152
) (c:/Users/benja/AppData/Roaming/TinyTeX/texmf-dist/tex/latex/amsmath/amsopn.sty
Package: amsopn 2022/04/08 v2.04 operator names
)
\inf@bad=\count292
LaTeX Info: Redefining \frac on input line 233.
\uproot@=\count293
\leftroot@=\count294
LaTeX Info: Redefining \overline on input line 398.
LaTeX Info: Redefining \colon on input line 409.
\classnum@=\count295
\DOTSCASE@=\count296
LaTeX Info: Redefining \ldots on input line 495.
LaTeX Info: Redefining \dots on input line 498.
LaTeX Info: Redefining \cdots on input line 619.
\Mathstrutbox@=\box55
\strutbox@=\box56
LaTeX Info: Redefining \big on input line 721.
LaTeX Info: Redefining \Big on input line 722.
LaTeX Info: Redefining \bigg on input line 723.
LaTeX Info: Redefining \Bigg on input line 724.
\big@size=\dimen153
LaTeX Font Info:    Redeclaring font encoding OML on input line 742.
LaTeX Font Info:    Redeclaring font encoding OMS on input line 743.
\macc@depth=\count297
LaTeX Info: Redefining \bmod on input line 904.
LaTeX Info: Redefining \pmod on input line 909.
LaTeX Info: Redefining \smash on input line 939.
LaTeX Info: Redefining \relbar on input line 969.
LaTeX Info: Redefining \Relbar on input line 970.
\c@MaxMatrixCols=\count298
\dotsspace@=\muskip17
\c@parentequation=\count299
\dspbrk@lvl=\count300
\tag@help=\toks24
\row@=\count301
\column@=\count302
\maxfields@=\count303
\andhelp@=\toks25
\eqnshift@=\dimen154
\alignsep@=\dimen155
\tagshift@=\dimen156
\tagwidth@=\dimen157
\totwidth@=\dimen158
\lineht@=\dimen159
\@envbody=\toks26
\multlinegap=\skip57
\multlinetaggap=\skip58
\mathdisplay@stack=\toks27
LaTeX Info: Redefining \[ on input line 2949.
LaTeX Info: Redefining \] on input line 2950.
) (c:/Users/benja/AppData/Roaming/TinyTeX/texmf-dist/tex/latex/graphics/graphicx.sty
Package: graphicx 2024/12/31 v1.2e Enhanced LaTeX Graphics (DPC,SPQR)
(c:/Users/benja/AppData/Roaming/TinyTeX/texmf-dist/tex/latex/graphics/graphics.sty
Package: graphics 2024/08/06 v1.4g Standard LaTeX Graphics (DPC,SPQR)
(c:/Users/benja/AppData/Roaming/TinyTeX/texmf-dist/tex/latex/graphics/trig.sty
Package: trig 2023/12/02 v1.11 sin cos tan (DPC)
) (c:/Users/benja/AppData/Roaming/TinyTeX/texmf-dist/tex/latex/graphics-cfg/graphics.cfg
File: graphics.cfg 2016/06/04 v1.11 sample graphics configuration
)
Package graphics Info: Driver file: pdftex.def on input line 106.
)
\Gin@req@height=\dimen160
\Gin@req@width=\dimen161
) (c:/Users/benja/AppData/Roaming/TinyTeX/texmf-dist/tex/latex/fancyhdr/fancyhdr.sty
Package: fancyhdr 2025/02/07 v5.2 Extensive control of page headers and footers
\f@nch@headwidth=\skip59
\f@nch@offset@elh=\skip60
\f@nch@offset@erh=\skip61
\f@nch@offset@olh=\skip62
\f@nch@offset@orh=\skip63
\f@nch@offset@elf=\skip64
\f@nch@offset@erf=\skip65
\f@nch@offset@olf=\skip66
\f@nch@offset@orf=\skip67
\f@nch@height=\skip68
\f@nch@footalignment=\skip69
\f@nch@widthL=\skip70
\f@nch@widthC=\skip71
\f@nch@widthR=\skip72
\@temptokenb=\toks28
) (c:/Users/benja/AppData/Roaming/TinyTeX/texmf-dist/tex/latex/setspace/setspace.sty
Package: setspace 2022/12/04 v6.7b set line spacing
) (c:/Users/benja/AppData/Roaming/TinyTeX/texmf-dist/tex/latex/caption/caption.sty
Package: caption 2023/08/05 v3.6o Customizing captions (AR)
(c:/Users/benja/AppData/Roaming/TinyTeX/texmf-dist/tex/latex/caption/caption3.sty
Package: caption3 2023/07/31 v2.4d caption3 kernel (AR)
\caption@tempdima=\dimen162
\captionmargin=\dimen163
\caption@leftmargin=\dimen164
\caption@rightmargin=\dimen165
\caption@width=\dimen166
\caption@indent=\dimen167
\caption@parindent=\dimen168
\caption@hangindent=\dimen169
Package caption Info: Standard document class detected.
)
\c@caption@flags=\count304
\c@continuedfloat=\count305
) (c:/Users/benja/AppData/Roaming/TinyTeX/texmf-dist/tex/latex/lastpage/lastpage.sty
Package: lastpage 2025/06/06 v2.1g lastpage: 2.09 or 2e? (HMM)
(c:/Users/benja/AppData/Roaming/TinyTeX/texmf-dist/tex/latex/lastpage/lastpage2e.sty
Package: lastpage2e 2025/06/06 v2.1g Decide which 2e lastpage version to use (HMM)
(c:/Users/benja/AppData/Roaming/TinyTeX/texmf-dist/tex/latex/lastpage/lastpagemodern.sty
Package: lastpagemodern 2025-06-06 v2.1g Refers to last page's name (HMM; JPG)
\c@lastpagecount=\count306
) 
)) (c:/Users/benja/AppData/Roaming/TinyTeX/texmf-dist/tex/latex/xifthen/xifthen.sty
Package: xifthen 2015/11/05 v1.4.0 Extended ifthen features
(c:/Users/benja/AppData/Roaming/TinyTeX/texmf-dist/tex/latex/tools/calc.sty
Package: calc 2025/03/01 v4.3b Infix arithmetic (KKT,FJ)
\calc@Acount=\count307
\calc@Bcount=\count308
\calc@Adimen=\dimen170
\calc@Bdimen=\dimen171
\calc@Askip=\skip73
\calc@Bskip=\skip74
LaTeX Info: Redefining \setlength on input line 86.
LaTeX Info: Redefining \addtolength on input line 87.
\calc@Ccount=\count309
\calc@Cskip=\skip75
) (c:/Users/benja/AppData/Roaming/TinyTeX/texmf-dist/tex/latex/ifmtarg/ifmtarg.sty
Package: ifmtarg 2018/04/16 v1.2b check for an empty argument
)) (c:/Users/benja/AppData/Roaming/TinyTeX/texmf-dist/tex/latex/hyperref/hyperref.sty
Package: hyperref 2025-07-12 v7.01o Hypertext links for LaTeX
(c:/Users/benja/AppData/Roaming/TinyTeX/texmf-dist/tex/latex/kvsetkeys/kvsetkeys.sty
Package: kvsetkeys 2022-10-05 v1.19 Key value parser (HO)
) (c:/Users/benja/AppData/Roaming/TinyTeX/texmf-dist/tex/generic/kvdefinekeys/kvdefinekeys.sty
Package: kvdefinekeys 2019-12-19 v1.6 Define keys (HO)
) (c:/Users/benja/AppData/Roaming/TinyTeX/texmf-dist/tex/generic/pdfescape/pdfescape.sty
Package: pdfescape 2019/12/09 v1.15 Implements pdfTeX's escape features (HO)
(c:/Users/benja/AppData/Roaming/TinyTeX/texmf-dist/tex/generic/ltxcmds/ltxcmds.sty
Package: ltxcmds 2023-12-04 v1.26 LaTeX kernel commands for general use (HO)
) (c:/Users/benja/AppData/Roaming/TinyTeX/texmf-dist/tex/generic/pdftexcmds/pdftexcmds.sty
Package: pdftexcmds 2020-06-27 v0.33 Utility functions of pdfTeX for LuaTeX (HO)
(c:/Users/benja/AppData/Roaming/TinyTeX/texmf-dist/tex/generic/infwarerr/infwarerr.sty
Package: infwarerr 2019/12/03 v1.5 Providing info/warning/error messages (HO)
)
Package pdftexcmds Info: \pdf@primitive is available.
Package pdftexcmds Info: \pdf@ifprimitive is available.
Package pdftexcmds Info: \pdfdraftmode found.
)) (c:/Users/benja/AppData/Roaming/TinyTeX/texmf-dist/tex/latex/hycolor/hycolor.sty
Package: hycolor 2020-01-27 v1.10 Color options for hyperref/bookmark (HO)
) (c:/Users/benja/AppData/Roaming/TinyTeX/texmf-dist/tex/latex/hyperref/nameref.sty
Package: nameref 2025-06-21 v2.57 Cross-referencing by name of section
(c:/Users/benja/AppData/Roaming/TinyTeX/texmf-dist/tex/latex/refcount/refcount.sty
Package: refcount 2019/12/15 v3.6 Data extraction from label references (HO)
) (c:/Users/benja/AppData/Roaming/TinyTeX/texmf-dist/tex/generic/gettitlestring/gettitlestring.sty
Package: gettitlestring 2019/12/15 v1.6 Cleanup title references (HO)
(c:/Users/benja/AppData/Roaming/TinyTeX/texmf-dist/tex/latex/kvoptions/kvoptions.sty
Package: kvoptions 2022-06-15 v3.15 Key value format for package options (HO)
))
\c@section@level=\count310
) (c:/Users/benja/AppData/Roaming/TinyTeX/texmf-dist/tex/generic/stringenc/stringenc.sty
Package: stringenc 2019/11/29 v1.12 Convert strings between diff. encodings (HO)
)
\@linkdim=\dimen172
\Hy@linkcounter=\count311
\Hy@pagecounter=\count312
(c:/Users/benja/AppData/Roaming/TinyTeX/texmf-dist/tex/latex/hyperref/pd1enc.def
File: pd1enc.def 2025-07-12 v7.01o Hyperref: PDFDocEncoding definition (HO)
Now handling font encoding PD1 ...
... no UTF-8 mapping file for font encoding PD1
) (c:/Users/benja/AppData/Roaming/TinyTeX/texmf-dist/tex/generic/intcalc/intcalc.sty
Package: intcalc 2019/12/15 v1.3 Expandable calculations with integers (HO)
)
\Hy@SavedSpaceFactor=\count313
(c:/Users/benja/AppData/Roaming/TinyTeX/texmf-dist/tex/latex/hyperref/puenc.def
File: puenc.def 2025-07-12 v7.01o Hyperref: PDF Unicode definition (HO)
Now handling font encoding PU ...
... no UTF-8 mapping file for font encoding PU
)
Package hyperref Info: Hyper figures OFF on input line 4195.
Package hyperref Info: Link nesting OFF on input line 4200.
Package hyperref Info: Hyper index ON on input line 4203.
Package hyperref Info: Plain pages OFF on input line 4210.
Package hyperref Info: Backreferencing OFF on input line 4215.
Package hyperref Info: Implicit mode ON; LaTeX internals redefined.
Package hyperref Info: Bookmarks ON on input line 4462.
\c@Hy@tempcnt=\count314
(c:/Users/benja/AppData/Roaming/TinyTeX/texmf-dist/tex/latex/url/url.sty
\Urlmuskip=\muskip18
Package: url 2013/09/16  ver 3.4  Verb mode for urls, etc.
)
LaTeX Info: Redefining \url on input line 4801.
\XeTeXLinkMargin=\dimen173
(c:/Users/benja/AppData/Roaming/TinyTeX/texmf-dist/tex/generic/bitset/bitset.sty
Package: bitset 2019/12/09 v1.3 Handle bit-vector datatype (HO)
(c:/Users/benja/AppData/Roaming/TinyTeX/texmf-dist/tex/generic/bigintcalc/bigintcalc.sty
Package: bigintcalc 2019/12/15 v1.5 Expandable calculations on big integers (HO)
))
\Fld@menulength=\count315
\Field@Width=\dimen174
\Fld@charsize=\dimen175
Package hyperref Info: Hyper figures OFF on input line 6078.
Package hyperref Info: Link nesting OFF on input line 6083.
Package hyperref Info: Hyper index ON on input line 6086.
Package hyperref Info: backreferencing OFF on input line 6093.
Package hyperref Info: Link coloring OFF on input line 6098.
Package hyperref Info: Link coloring with OCG OFF on input line 6103.
Package hyperref Info: PDF/A mode OFF on input line 6108.
\Hy@abspage=\count316
\c@Item=\count317
\c@Hfootnote=\count318
)
Package hyperref Info: Driver (autodetected): hpdftex.
(c:/Users/benja/AppData/Roaming/TinyTeX/texmf-dist/tex/latex/hyperref/hpdftex.def
File: hpdftex.def 2025-07-12 v7.01o Hyperref driver for pdfTeX
\Fld@listcount=\count319
\c@bookmark@seq@number=\count320
(c:/Users/benja/AppData/Roaming/TinyTeX/texmf-dist/tex/latex/rerunfilecheck/rerunfilecheck.sty
Package: rerunfilecheck 2025-06-21 v1.11 Rerun checks for auxiliary files (HO)
(c:/Users/benja/AppData/Roaming/TinyTeX/texmf-dist/tex/generic/uniquecounter/uniquecounter.sty
Package: uniquecounter 2019/12/15 v1.4 Provide unlimited unique counter (HO)
)
Package uniquecounter Info: New unique counter `rerunfilecheck' on input line 284.
)
\Hy@SectionHShift=\skip76
) (c:/Users/benja/AppData/Roaming/TinyTeX/texmf-dist/tex/latex/booktabs/booktabs.sty
Package: booktabs 2020/01/12 v1.61803398 Publication quality tables
\heavyrulewidth=\dimen176
\lightrulewidth=\dimen177
\cmidrulewidth=\dimen178
\belowrulesep=\dimen179
\belowbottomsep=\dimen180
\aboverulesep=\dimen181
\abovetopsep=\dimen182
\cmidrulesep=\dimen183
\cmidrulekern=\dimen184
\defaultaddspace=\dimen185
\@cmidla=\count321
\@cmidlb=\count322
\@aboverulesep=\dimen186
\@belowrulesep=\dimen187
\@thisruleclass=\count323
\@lastruleclass=\count324
\@thisrulewidth=\dimen188
) (c:/Users/benja/AppData/Roaming/TinyTeX/texmf-dist/tex/latex/geometry/geometry.sty
Package: geometry 2020/01/02 v5.9 Page Geometry
(c:/Users/benja/AppData/Roaming/TinyTeX/texmf-dist/tex/generic/iftex/ifvtex.sty
Package: ifvtex 2019/10/25 v1.7 ifvtex legacy package. Use iftex instead.
)
\Gm@cnth=\count325
\Gm@cntv=\count326
\c@Gm@tempcnt=\count327
\Gm@bindingoffset=\dimen189
\Gm@wd@mp=\dimen190
\Gm@odd@mp=\dimen191
\Gm@even@mp=\dimen192
\Gm@layoutwidth=\dimen193
\Gm@layoutheight=\dimen194
\Gm@layouthoffset=\dimen195
\Gm@layoutvoffset=\dimen196
\Gm@dimlist=\toks29
) (c:/Users/benja/AppData/Roaming/TinyTeX/texmf-dist/tex/latex/titlesec/titlesec.sty
Package: titlesec 2025/01/04 v2.17 Sectioning titles
\ttl@box=\box57
\beforetitleunit=\skip77
\aftertitleunit=\skip78
\ttl@plus=\dimen197
\ttl@minus=\dimen198
\ttl@toksa=\toks30
\titlewidth=\dimen199
\titlewidthlast=\dimen256
\titlewidthfirst=\dimen257
)
Package hyperref Info: Option `colorlinks' set `true' on input line 132.
)
\cslhangindent=\skip79
\csllabelwidth=\skip80
LaTeX Info: Redefining \oldstylenums on input line 56.
LaTeX Font Info:    Trying to load font information for T1+XCharter-TLF on input line 56.
(c:/Users/benja/AppData/Roaming/TinyTeX/texmf-dist/tex/latex/xcharter/T1XCharter-TLF.fd
File: T1XCharter-TLF.fd 2017/06/25 (autoinst) Font definitions for T1/XCharter-TLF.
)
LaTeX Font Info:    Font shape `T1/XCharter-TLF/m/n' will be
(Font)              scaled to size 10.0pt on input line 56.
(c:/Users/benja/AppData/Roaming/TinyTeX/texmf-dist/tex/latex/l3backend/l3backend-pdftex.def
File: l3backend-pdftex.def 2025-06-09 L3 backend support: PDF output (pdfTeX)
\l__color_backend_stack_int=\count328
) (./crowMorphology.aux)
\openout1 = `crowMorphology.aux'.

LaTeX Font Info:    Checking defaults for OML/cmm/m/it on input line 56.
LaTeX Font Info:    ... okay on input line 56.
LaTeX Font Info:    Checking defaults for OMS/cmsy/m/n on input line 56.
LaTeX Font Info:    ... okay on input line 56.
LaTeX Font Info:    Checking defaults for OT1/cmr/m/n on input line 56.
LaTeX Font Info:    ... okay on input line 56.
LaTeX Font Info:    Checking defaults for T1/cmr/m/n on input line 56.
LaTeX Font Info:    ... okay on input line 56.
LaTeX Font Info:    Checking defaults for TS1/cmr/m/n on input line 56.
LaTeX Font Info:    ... okay on input line 56.
LaTeX Font Info:    Checking defaults for OMX/cmex/m/n on input line 56.
LaTeX Font Info:    ... okay on input line 56.
LaTeX Font Info:    Checking defaults for U/cmr/m/n on input line 56.
LaTeX Font Info:    ... okay on input line 56.
LaTeX Font Info:    Checking defaults for PD1/pdf/m/n on input line 56.
LaTeX Font Info:    ... okay on input line 56.
LaTeX Font Info:    Checking defaults for PU/pdf/m/n on input line 56.
LaTeX Font Info:    ... okay on input line 56.
\c@mv@tabular=\count329
\c@mv@boldtabular=\count330
(c:/Users/benja/AppData/Roaming/TinyTeX/texmf-dist/tex/latex/epstopdf-pkg/epstopdf-base.sty
Package: epstopdf-base 2020-01-24 v2.11 Base part for package epstopdf
Package epstopdf-base Info: Redefining graphics rule for `.eps' on input line 485.
(c:/Users/benja/AppData/Roaming/TinyTeX/texmf-dist/tex/latex/latexconfig/epstopdf-sys.cfg
File: epstopdf-sys.cfg 2010/07/13 v1.3 Configuration of (r)epstopdf for TeX Live
))
Package caption Info: Begin \AtBeginDocument code.
Package caption Info: hyperref package is loaded.
Package caption Info: End \AtBeginDocument code.
Package hyperref Info: Link coloring ON on input line 56.
(./crowMorphology.out) (./crowMorphology.out)
\@outlinefile=\write3
\openout3 = `crowMorphology.out'.

*geometry* driver: auto-detecting
*geometry* detected driver: pdftex
*geometry* verbose mode - [ preamble ] result:
* driver: pdftex
* paper: a4paper
* layout: <same size as paper>
* layoutoffset:(h,v)=(0.0pt,0.0pt)
* modes: 
* h-part:(L,W,R)=(51.21504pt, 495.07779pt, 51.21504pt)
* v-part:(T,H,B)=(62.59596pt, 719.85492pt, 62.59596pt)
* \paperwidth=597.50787pt
* \paperheight=845.04684pt
* \textwidth=495.07779pt
* \textheight=719.85492pt
* \oddsidemargin=-21.05495pt
* \evensidemargin=-21.05495pt
* \topmargin=-46.67403pt
* \headheight=16.5pt
* \headsep=25.0pt
* \topskip=10.0pt
* \footskip=30.0pt
* \marginparwidth=57.0pt
* \marginparsep=11.0pt
* \columnsep=18.06749pt
* \skip\footins=9.0pt plus 4.0pt minus 2.0pt
* \hoffset=0.0pt
* \voffset=0.0pt
* \mag=1000
* \@twocolumnfalse
* \@twosidefalse
* \@mparswitchfalse
* \@reversemarginfalse
* (1in=72.27pt=25.4mm, 1cm=28.453pt)

LaTeX Font Info:    Trying to load font information for OT1+phv on input line 67.
(c:/Users/benja/AppData/Roaming/TinyTeX/texmf-dist/tex/latex/psnfss/ot1phv.fd
File: ot1phv.fd 2020/03/25 scalable font definitions for OT1/phv.
)
LaTeX Font Info:    Calculating math sizes for size <14> on input line 67.
LaTeX Font Info:    Font shape `T1/XCharter-TLF/m/n' will be
(Font)              scaled to size 9.79996pt on input line 67.
LaTeX Font Info:    Font shape `T1/XCharter-TLF/m/n' will be
(Font)              scaled to size 7.0pt on input line 67.
LaTeX Font Info:    Font shape `OT1/cmtt/bx/n' in size <10> not available
(Font)              Font shape `OT1/cmtt/m/n' tried instead on input line 67.
LaTeX Font Info:    Font shape `OT1/phv/m/it' in size <10> not available
(Font)              Font shape `OT1/phv/m/sl' tried instead on input line 71.
LaTeX Font Info:    Font shape `T1/XCharter-TLF/m/n' will be
(Font)              scaled to size 12.0pt on input line 75.


LaTeX Font Info:    Font shape `T1/XCharter-TLF/m/sc' will be
(Font)              scaled to size 10.0pt on input line 79.
<PDFheaderImage.png, id=73, 835.12pt x 124.465pt>
File: PDFheaderImage.png Graphic file (type png)
<use PDFheaderImage.png>
Package pdftex.def Info: PDFheaderImage.png  used on input line 79.
(pdftex.def)             Requested size: 80.50957pt x 12.0pt.
LaTeX Font Info:    Font shape `T1/XCharter-TLF/m/n' will be
(Font)              scaled to size 8.0pt on input line 79.
[1{c:/Users/benja/AppData/Roaming/TinyTeX/texmf-var/fonts/map/pdftex/updmap/pdftex.map}{c:/Users/benja/AppData/Roaming/TinyTeX/texmf-dist/fonts/enc/dvips/xcharter/xch_rydp4l.enc}

{c:/Users/benja/AppData/Roaming/TinyTeX/texmf-dist/fonts/enc/dvips/base/8r.enc} <./PDFheaderImage.png>]
LaTeX Font Info:    Font shape `T1/XCharter-TLF/m/it' will be
(Font)              scaled to size 10.0pt on input line 88.


File: PDFheaderImage.png Graphic file (type png)
<use PDFheaderImage.png>
Package pdftex.def Info: PDFheaderImage.png  used on input line 128.
(pdftex.def)             Requested size: 80.50957pt x 12.0pt.
[2

]
LaTeX Font Info:    Trying to load font information for TS1+XCharter-TLF on input line 133.
(c:/Users/benja/AppData/Roaming/TinyTeX/texmf-dist/tex/latex/xcharter/TS1XCharter-TLF.fd
File: TS1XCharter-TLF.fd 2020/05/25 (msharpe) Font definitions for TS1/XCharter-TLF.
)
LaTeX Font Info:    Font shape `TS1/XCharter-TLF/m/n' will be
(Font)              scaled to size 10.0pt on input line 133.


File: PDFheaderImage.png Graphic file (type png)
<use PDFheaderImage.png>
Package pdftex.def Info: PDFheaderImage.png  used on input line 163.
(pdftex.def)             Requested size: 80.50957pt x 12.0pt.
[3{c:/Users/benja/AppData/Roaming/TinyTeX/texmf-dist/fonts/enc/dvips/xcharter/xch1_co4ru4.enc}]

LaTeX Font Warning: Font shape `OT1/phv/n/n' undefined
(Font)              using `OT1/phv/m/n' instead on input line 164.

<../Figures/combined Subspecies Plot.pdf, id=167, 739.76375pt x 454.69875pt>
File: ../Figures/combined Subspecies Plot.pdf Graphic file (type pdf)
<use ../Figures/combined Subspecies Plot.pdf>
Package pdftex.def Info: ../Figures/combined Subspecies Plot.pdf  used on input line 172.
(pdftex.def)             Requested size: 445.56699pt x 273.869pt.
LaTeX Font Info:    Font shape `T1/XCharter-TLF/b/n' will be
(Font)              scaled to size 10.0pt on input line 172.


File: PDFheaderImage.png Graphic file (type png)
<use PDFheaderImage.png>
Package pdftex.def Info: PDFheaderImage.png  used on input line 186.
(pdftex.def)             Requested size: 80.50957pt x 12.0pt.
[4 <../Figures/combined Subspecies Plot.pdf>]
LaTeX Font Info:    Font shape `T1/XCharter-TLF/m/it' will be
(Font)              scaled to size 7.0pt on input line 191.
<../Figures/OverallSummaryPlot.pdf, id=243, 511.9125pt x 341.275pt>
File: ../Figures/OverallSummaryPlot.pdf Graphic file (type pdf)
<use ../Figures/OverallSummaryPlot.pdf>
Package pdftex.def Info: ../Figures/OverallSummaryPlot.pdf  used on input line 220.
(pdftex.def)             Requested size: 445.56699pt x 297.04744pt.
<../Figures/combined Subspecies Difference Plot.pdf, id=247, 853.1875pt x 568.1225pt>
File: ../Figures/combined Subspecies Difference Plot.pdf Graphic file (type pdf)
<use ../Figures/combined Subspecies Difference Plot.pdf>
Package pdftex.def Info: ../Figures/combined Subspecies Difference Plot.pdf  used on input line 236.
(pdftex.def)             Requested size: 445.56699pt x 296.6997pt.


File: PDFheaderImage.png Graphic file (type png)
<use PDFheaderImage.png>
Package pdftex.def Info: PDFheaderImage.png  used on input line 239.
(pdftex.def)             Requested size: 80.50957pt x 12.0pt.
[5]

File: PDFheaderImage.png Graphic file (type png)
<use PDFheaderImage.png>
Package pdftex.def Info: PDFheaderImage.png  used on input line 239.
(pdftex.def)             Requested size: 80.50957pt x 12.0pt.
[6 <../Figures/OverallSummaryPlot.pdf> <../Figures/combined Subspecies Difference Plot.pdf>]

File: PDFheaderImage.png Graphic file (type png)
<use PDFheaderImage.png>
Package pdftex.def Info: PDFheaderImage.png  used on input line 287.
(pdftex.def)             Requested size: 80.50957pt x 12.0pt.
[7]
<../Figures/IDWmaps.pdf, id=297, 910.40125pt x 910.40125pt>
File: ../Figures/IDWmaps.pdf Graphic file (type pdf)
<use ../Figures/IDWmaps.pdf>
Package pdftex.def Info: ../Figures/IDWmaps.pdf  used on input line 289.
(pdftex.def)             Requested size: 445.56699pt x 445.57263pt.


File: PDFheaderImage.png Graphic file (type png)
<use PDFheaderImage.png>
Package pdftex.def Info: PDFheaderImage.png  used on input line 299.
(pdftex.def)             Requested size: 80.50957pt x 12.0pt.
[8 <../Figures/IDWmaps.pdf>]
<../Figures/climMap_NtBT.ExCu.pdf, id=366, 597.23125pt x 597.23125pt>
File: ../Figures/climMap_NtBT.ExCu.pdf Graphic file (type pdf)
<use ../Figures/climMap_NtBT.ExCu.pdf>
Package pdftex.def Info: ../Figures/climMap_NtBT.ExCu.pdf  used on input line 316.
(pdftex.def)             Requested size: 445.56699pt x 445.57117pt.
<../Figures/climMap_ExCuNtBTxHaNaTaLe.pdf, id=368, 597.23125pt x 597.23125pt>
File: ../Figures/climMap_ExCuNtBTxHaNaTaLe.pdf Graphic file (type pdf)
<use ../Figures/climMap_ExCuNtBTxHaNaTaLe.pdf>
Package pdftex.def Info: ../Figures/climMap_ExCuNtBTxHaNaTaLe.pdf  used on input line 323.
(pdftex.def)             Requested size: 445.56699pt x 445.57117pt.


File: PDFheaderImage.png Graphic file (type png)
<use PDFheaderImage.png>
Package pdftex.def Info: PDFheaderImage.png  used on input line 348.
(pdftex.def)             Requested size: 80.50957pt x 12.0pt.
[9]

File: PDFheaderImage.png Graphic file (type png)
<use PDFheaderImage.png>
Package pdftex.def Info: PDFheaderImage.png  used on input line 348.
(pdftex.def)             Requested size: 80.50957pt x 12.0pt.
[10 <../Figures/climMap_NtBT.ExCu.pdf>]

File: PDFheaderImage.png Graphic file (type png)
<use PDFheaderImage.png>
Package pdftex.def Info: PDFheaderImage.png  used on input line 348.
(pdftex.def)             Requested size: 80.50957pt x 12.0pt.
[11 <../Figures/climMap_ExCuNtBTxHaNaTaLe.pdf>]

File: PDFheaderImage.png Graphic file (type png)
<use PDFheaderImage.png>
Package pdftex.def Info: PDFheaderImage.png  used on input line 387.
(pdftex.def)             Requested size: 80.50957pt x 12.0pt.
[12]
Overfull \hbox (9.32028pt too wide) in paragraph at lines 398--399
[]\T1/XCharter-TLF/m/n/10 Code used to gen-er-ate find-ings is avail-able at [][]$\T1/cmtt/m/n/10 https : / / github . com / BenMMarshall / jungleCrowDistributionMorph$[][]\T1/XCharter-TLF/m/n/10 . 
 []



File: PDFheaderImage.png Graphic file (type png)
<use PDFheaderImage.png>
Package pdftex.def Info: PDFheaderImage.png  used on input line 416.
(pdftex.def)             Requested size: 80.50957pt x 12.0pt.
[13]
<../Figures/_HDCI_sex_contrasts.pdf, id=566, 795.97375pt x 454.69875pt>
File: ../Figures/_HDCI_sex_contrasts.pdf Graphic file (type pdf)
<use ../Figures/_HDCI_sex_contrasts.pdf>
Package pdftex.def Info: ../Figures/_HDCI_sex_contrasts.pdf  used on input line 421.
(pdftex.def)             Requested size: 445.56699pt x 254.52548pt.
<../Figures/klockSpecies_HDCI_intraSubspeciesSex_contrasts.pdf, id=567, 795.97375pt x 454.69875pt>
File: ../Figures/klockSpecies_HDCI_intraSubspeciesSex_contrasts.pdf Graphic file (type pdf)
<use ../Figures/klockSpecies_HDCI_intraSubspeciesSex_contrasts.pdf>
Package pdftex.def Info: ../Figures/klockSpecies_HDCI_intraSubspeciesSex_contrasts.pdf  used on input line 425.
(pdftex.def)             Requested size: 445.56699pt x 254.52548pt.
<../Figures/martSpecies_HDCI_intraSubspeciesSex_contrasts.pdf, id=568, 795.97375pt x 454.69875pt>
File: ../Figures/martSpecies_HDCI_intraSubspeciesSex_contrasts.pdf Graphic file (type pdf)
<use ../Figures/martSpecies_HDCI_intraSubspeciesSex_contrasts.pdf>
Package pdftex.def Info: ../Figures/martSpecies_HDCI_intraSubspeciesSex_contrasts.pdf  used on input line 429.
(pdftex.def)             Requested size: 445.56699pt x 254.52548pt.
<../Figures/klockSpecies_HDCI_contrasts.pdf, id=569, 1222.5675pt x 1251.67625pt>
File: ../Figures/klockSpecies_HDCI_contrasts.pdf Graphic file (type pdf)
<use ../Figures/klockSpecies_HDCI_contrasts.pdf>
Package pdftex.def Info: ../Figures/klockSpecies_HDCI_contrasts.pdf  used on input line 433.
(pdftex.def)             Requested size: 445.56699pt x 456.16092pt.
<../Figures/martSpecies_HDCI_contrasts.pdf, id=570, 853.1875pt x 540.0175pt>
File: ../Figures/martSpecies_HDCI_contrasts.pdf Graphic file (type pdf)
<use ../Figures/martSpecies_HDCI_contrasts.pdf>
Package pdftex.def Info: ../Figures/martSpecies_HDCI_contrasts.pdf  used on input line 437.
(pdftex.def)             Requested size: 445.56699pt x 282.02199pt.
<../Figures/measuresMap.pdf, id=571, 910.40125pt x 910.40125pt>
File: ../Figures/measuresMap.pdf Graphic file (type pdf)
<use ../Figures/measuresMap.pdf>
Package pdftex.def Info: ../Figures/measuresMap.pdf  used on input line 441.
(pdftex.def)             Requested size: 445.56699pt x 445.57263pt.
<../Figures/climMap_Height.at.nares.pdf, id=572, 597.23125pt x 597.23125pt>
File: ../Figures/climMap_Height.at.nares.pdf Graphic file (type pdf)
<use ../Figures/climMap_Height.at.nares.pdf>
Package pdftex.def Info: ../Figures/climMap_Height.at.nares.pdf  used on input line 445.
(pdftex.def)             Requested size: 445.56699pt x 445.57117pt.
<../Figures/climMap_Tarsus.length.pdf, id=573, 597.23125pt x 597.23125pt>
File: ../Figures/climMap_Tarsus.length.pdf Graphic file (type pdf)
<use ../Figures/climMap_Tarsus.length.pdf>
Package pdftex.def Info: ../Figures/climMap_Tarsus.length.pdf  used on input line 449.
(pdftex.def)             Requested size: 445.56699pt x 445.57117pt.
<../Figures/climMap_Width.at.nares.pdf, id=574, 597.23125pt x 597.23125pt>
File: ../Figures/climMap_Width.at.nares.pdf Graphic file (type pdf)
<use ../Figures/climMap_Width.at.nares.pdf>
Package pdftex.def Info: ../Figures/climMap_Width.at.nares.pdf  used on input line 453.
(pdftex.def)             Requested size: 445.56699pt x 445.57117pt.
<../Figures/climMap_Nares.to.bill.tip.pdf, id=575, 597.23125pt x 597.23125pt>
File: ../Figures/climMap_Nares.to.bill.tip.pdf Graphic file (type pdf)
<use ../Figures/climMap_Nares.to.bill.tip.pdf>
Package pdftex.def Info: ../Figures/climMap_Nares.to.bill.tip.pdf  used on input line 457.
(pdftex.def)             Requested size: 445.56699pt x 445.57117pt.
<../Figures/climMap_HaNa.TaLe.pdf, id=576, 597.23125pt x 597.23125pt>
File: ../Figures/climMap_HaNa.TaLe.pdf Graphic file (type pdf)
<use ../Figures/climMap_HaNa.TaLe.pdf>
Package pdftex.def Info: ../Figures/climMap_HaNa.TaLe.pdf  used on input line 461.
(pdftex.def)             Requested size: 445.56699pt x 445.57117pt.
<../Figures/climMap_Exposed.culmen.pdf, id=577, 597.23125pt x 597.23125pt>
File: ../Figures/climMap_Exposed.culmen.pdf Graphic file (type pdf)
<use ../Figures/climMap_Exposed.culmen.pdf>
Package pdftex.def Info: ../Figures/climMap_Exposed.culmen.pdf  used on input line 465.
(pdftex.def)             Requested size: 445.56699pt x 445.57117pt.
<../Figures/climMap_ExCu.TaLe.pdf, id=578, 597.23125pt x 597.23125pt>
File: ../Figures/climMap_ExCu.TaLe.pdf Graphic file (type pdf)
<use ../Figures/climMap_ExCu.TaLe.pdf>
Package pdftex.def Info: ../Figures/climMap_ExCu.TaLe.pdf  used on input line 469.
(pdftex.def)             Requested size: 445.56699pt x 445.57117pt.
<../Figures/climMap_Bill.width.at.skin.border.pdf, id=579, 597.23125pt x 597.23125pt>
File: ../Figures/climMap_Bill.width.at.skin.border.pdf Graphic file (type pdf)
<use ../Figures/climMap_Bill.width.at.skin.border.pdf>
Package pdftex.def Info: ../Figures/climMap_Bill.width.at.skin.border.pdf  used on input line 473.
(pdftex.def)             Requested size: 445.56699pt x 445.57117pt.
<../Figures/climMap_Bill.base.width.pdf, id=580, 597.23125pt x 597.23125pt>
File: ../Figures/climMap_Bill.base.width.pdf Graphic file (type pdf)
<use ../Figures/climMap_Bill.base.width.pdf>
Package pdftex.def Info: ../Figures/climMap_Bill.base.width.pdf  used on input line 477.
(pdftex.def)             Requested size: 445.56699pt x 445.57117pt.
<../Figures/climMap_Bill.base.length.pdf, id=581, 597.23125pt x 597.23125pt>
File: ../Figures/climMap_Bill.base.length.pdf Graphic file (type pdf)
<use ../Figures/climMap_Bill.base.length.pdf>
Package pdftex.def Info: ../Figures/climMap_Bill.base.length.pdf  used on input line 481.
(pdftex.def)             Requested size: 445.56699pt x 445.57117pt.


File: PDFheaderImage.png Graphic file (type png)
<use PDFheaderImage.png>
Package pdftex.def Info: PDFheaderImage.png  used on input line 484.
(pdftex.def)             Requested size: 80.50957pt x 12.0pt.
[14

 <../Figures/_HDCI_sex_contrasts.pdf>]

File: PDFheaderImage.png Graphic file (type png)
<use PDFheaderImage.png>
Package pdftex.def Info: PDFheaderImage.png  used on input line 484.
(pdftex.def)             Requested size: 80.50957pt x 12.0pt.
[15 <../Figures/klockSpecies_HDCI_intraSubspeciesSex_contrasts.pdf> <../Figures/martSpecies_HDCI_intraSubspeciesSex_contrasts.pdf>]

File: PDFheaderImage.png Graphic file (type png)
<use PDFheaderImage.png>
Package pdftex.def Info: PDFheaderImage.png  used on input line 484.
(pdftex.def)             Requested size: 80.50957pt x 12.0pt.
[16 <../Figures/klockSpecies_HDCI_contrasts.pdf>]

File: PDFheaderImage.png Graphic file (type png)
<use PDFheaderImage.png>
Package pdftex.def Info: PDFheaderImage.png  used on input line 484.
(pdftex.def)             Requested size: 80.50957pt x 12.0pt.
[17 <../Figures/martSpecies_HDCI_contrasts.pdf>]

File: PDFheaderImage.png Graphic file (type png)
<use PDFheaderImage.png>
Package pdftex.def Info: PDFheaderImage.png  used on input line 484.
(pdftex.def)             Requested size: 80.50957pt x 12.0pt.
[18 <../Figures/measuresMap.pdf>]

File: PDFheaderImage.png Graphic file (type png)
<use PDFheaderImage.png>
Package pdftex.def Info: PDFheaderImage.png  used on input line 484.
(pdftex.def)             Requested size: 80.50957pt x 12.0pt.
[19 <../Figures/climMap_Height.at.nares.pdf>]

File: PDFheaderImage.png Graphic file (type png)
<use PDFheaderImage.png>
Package pdftex.def Info: PDFheaderImage.png  used on input line 484.
(pdftex.def)             Requested size: 80.50957pt x 12.0pt.
[20 <../Figures/climMap_Tarsus.length.pdf>]

File: PDFheaderImage.png Graphic file (type png)
<use PDFheaderImage.png>
Package pdftex.def Info: PDFheaderImage.png  used on input line 484.
(pdftex.def)             Requested size: 80.50957pt x 12.0pt.
[21 <../Figures/climMap_Width.at.nares.pdf>]

File: PDFheaderImage.png Graphic file (type png)
<use PDFheaderImage.png>
Package pdftex.def Info: PDFheaderImage.png  used on input line 484.
(pdftex.def)             Requested size: 80.50957pt x 12.0pt.
[22 <../Figures/climMap_Nares.to.bill.tip.pdf>]

File: PDFheaderImage.png Graphic file (type png)
<use PDFheaderImage.png>
Package pdftex.def Info: PDFheaderImage.png  used on input line 484.
(pdftex.def)             Requested size: 80.50957pt x 12.0pt.
[23 <../Figures/climMap_HaNa.TaLe.pdf>]

File: PDFheaderImage.png Graphic file (type png)
<use PDFheaderImage.png>
Package pdftex.def Info: PDFheaderImage.png  used on input line 484.
(pdftex.def)             Requested size: 80.50957pt x 12.0pt.
[24 <../Figures/climMap_Exposed.culmen.pdf>]

File: PDFheaderImage.png Graphic file (type png)
<use PDFheaderImage.png>
Package pdftex.def Info: PDFheaderImage.png  used on input line 484.
(pdftex.def)             Requested size: 80.50957pt x 12.0pt.
[25 <../Figures/climMap_ExCu.TaLe.pdf>]

File: PDFheaderImage.png Graphic file (type png)
<use PDFheaderImage.png>
Package pdftex.def Info: PDFheaderImage.png  used on input line 484.
(pdftex.def)             Requested size: 80.50957pt x 12.0pt.
[26 <../Figures/climMap_Bill.width.at.skin.border.pdf>]

File: PDFheaderImage.png Graphic file (type png)
<use PDFheaderImage.png>
Package pdftex.def Info: PDFheaderImage.png  used on input line 484.
(pdftex.def)             Requested size: 80.50957pt x 12.0pt.
[27 <../Figures/climMap_Bill.base.width.pdf>]

File: PDFheaderImage.png Graphic file (type png)
<use PDFheaderImage.png>
Package pdftex.def Info: PDFheaderImage.png  used on input line 484.
(pdftex.def)             Requested size: 80.50957pt x 12.0pt.
[28 <../Figures/climMap_Bill.base.length.pdf>]
Overfull \hbox (19.79591pt too wide) in paragraph at lines 534--535
\T1/XCharter-TLF/m/n/10 Species in South and South-east Su-lawesi. \T1/XCharter-TLF/m/it/10 In-ter-na-tional Jour-nal of Pri-ma-tol-ogy \T1/XCharter-TLF/m/n/10 31:1123--1146. DOI: [][]10.1007/s10764-
 []



File: PDFheaderImage.png Graphic file (type png)
<use PDFheaderImage.png>
Package pdftex.def Info: PDFheaderImage.png  used on input line 572.
(pdftex.def)             Requested size: 80.50957pt x 12.0pt.
[29

]
Overfull \hbox (2.25888pt too wide) in paragraph at lines 612--613
\T1/XCharter-TLF/m/n/10 com-par-i-son and test-ing of sta-tis-ti-cal mod-els. \T1/XCharter-TLF/m/it/10 Jour-nal of Open Source Soft-ware \T1/XCharter-TLF/m/n/10 6:3139. DOI: [][]10.21105/joss.03139[][]. 
 []


Overfull \hbox (12.09901pt too wide) in paragraph at lines 648--649
\T1/XCharter-TLF/m/it/10 Pro-ceed-ings of the Royal So-ci-ety of Lon-don. Se-ries B: Bi-o-log-i-cal Sci-ences \T1/XCharter-TLF/m/n/10 265:397--407. DOI: [][]10.1098/rspb.1998.0308[][]. 
 []



File: PDFheaderImage.png Graphic file (type png)
<use PDFheaderImage.png>
Package pdftex.def Info: PDFheaderImage.png  used on input line 673.
(pdftex.def)             Requested size: 80.50957pt x 12.0pt.
[30]

File: PDFheaderImage.png Graphic file (type png)
<use PDFheaderImage.png>
Package pdftex.def Info: PDFheaderImage.png  used on input line 742.
(pdftex.def)             Requested size: 80.50957pt x 12.0pt.
[31] 
enddocument/afterlastpage (AED): lastpage setting LastPage.
(./crowMorphology.aux)
 ***********
LaTeX2e <2025-06-01> patch level 1
L3 programming layer <2025-07-11>
 ***********

LaTeX Font Warning: Some font shapes were not available, defaults substituted.

Package rerunfilecheck Info: File `crowMorphology.out' has not changed.
(rerunfilecheck)             Checksum: FE696976747F6A36FBE9A8C5AC311B80;3170.
 ) 
Here is how much of TeX's memory you used:
 14323 strings out of 469797
 240793 string characters out of 5480962
 672787 words of memory out of 5000000
 42308 multiletter control sequences out of 15000+600000
 701900 words of font info for 83 fonts, out of 8000000 for 9000
 14 hyphenation exceptions out of 8191
 90i,16n,131p,2001b,603s stack positions out of 10000i,1000n,20000p,200000b,200000s
 <c:/Users/benja/AppData/Roaming/TinyTeX/texmf-var/fonts/pk/ljfour/jknappen/ec/ectt1000.600pk><c:/Users/benja/AppData/Roaming/TinyTeX/texmf-dist/fonts/type1/public/xcharter/XCharter-Bold.pfb><c:/Users/benja/AppData/Roaming/TinyTeX/texmf-dist/fonts/type1/public/xcharter/XCharter-Italic.pfb><c:/Users/benja/AppData/Roaming/TinyTeX/texmf-dist/fonts/type1/public/xcharter/XCharter-Roman.pfb><c:/Users/benja/AppData/Roaming/TinyTeX/texmf-dist/fonts/type1/public/amsfonts/cm/cmmi10.pfb><c:/Users/benja/AppData/Roaming/TinyTeX/texmf-dist/fonts/type1/public/amsfonts/cm/cmtt10.pfb><c:/Users/benja/AppData/Roaming/TinyTeX/texmf-dist/fonts/type1/urw/helvetic/uhvb8a.pfb><c:/Users/benja/AppData/Roaming/TinyTeX/texmf-dist/fonts/type1/urw/helvetic/uhvr8a.pfb><c:/Users/benja/AppData/Roaming/TinyTeX/texmf-dist/fonts/type1/urw/helvetic/uhvro8a.pfb>
Output written on crowMorphology.pdf (31 pages, 52917322 bytes).
PDF statistics:
 1173 PDF objects out of 1200 (max. 8388607)
 884 compressed objects within 9 object streams
 154 named destinations out of 1000 (max. 500000)
 252 words of extra memory for PDF output out of 10000 (max. 10000000)



! libxpdf: Syntax Error (1374287): Missing 'endstream'

! libxpdf: Syntax Error (1330354): Missing 'endstream'

! libxpdf: Syntax Error (1381008): Missing 'endstream'

! libxpdf: Syntax Error (1411682): Missing 'endstream'

! libxpdf: Syntax Error (1400795): Missing 'endstream'

! libxpdf: Syntax Error (1423510): Missing 'endstream'

! libxpdf: Syntax Error (1523781): Missing 'endstream'

! libxpdf: Syntax Error (1511455): Missing 'endstream'

! libxpdf: Syntax Error (1481328): Missing 'endstream'

! libxpdf: Syntax Error (1498567): Missing 'endstream'

! libxpdf: Syntax Error (878929): Missing 'endstream'

! libxpdf: Syntax Error (834996): Missing 'endstream'

! libxpdf: Syntax Error (885664): Missing 'endstream'

! libxpdf: Syntax Error (916337): Missing 'endstream'

! libxpdf: Syntax Error (905451): Missing 'endstream'

! libxpdf: Syntax Error (928165): Missing 'endstream'

! libxpdf: Syntax Error (745957): Missing 'endstream'

! libxpdf: Syntax Error (730809): Missing 'endstream'

! libxpdf: Syntax Error (703504): Missing 'endstream'

! libxpdf: Syntax Error (720743): Missing 'endstream'
